[debug] [2024-01-17T20:38:42.750Z] ----------------------------------------------------------------------
[debug] [2024-01-17T20:38:42.754Z] Command:       C:\Program Files\nodejs\node.exe C:\Program Files\nodejs\node_modules\firebase-tools\lib\bin\firebase.js init
[debug] [2024-01-17T20:38:42.755Z] CLI Version:   13.0.3
[debug] [2024-01-17T20:38:42.756Z] Platform:      win32
[debug] [2024-01-17T20:38:42.756Z] Node Version:  v18.16.0
[debug] [2024-01-17T20:38:42.758Z] Time:          Wed Jan 17 2024 15:38:42 GMT-0500 (hora estándar de Colombia)
[debug] [2024-01-17T20:38:42.758Z] ----------------------------------------------------------------------
[debug] 
[debug] [2024-01-17T20:38:42.774Z] > command requires scopes: ["email","openid","https://www.googleapis.com/auth/cloudplatformprojects.readonly","https://www.googleapis.com/auth/firebase","https://www.googleapis.com/auth/cloud-platform"]
[debug] [2024-01-17T20:38:42.775Z] > authorizing via signed-in user (juanramirezl1913@gmail.com)
[info] 
     ######## #### ########  ######## ########     ###     ######  ########
     ##        ##  ##     ## ##       ##     ##  ##   ##  ##       ##
     ######    ##  ########  ######   ########  #########  ######  ######
     ##        ##  ##    ##  ##       ##     ## ##     ##       ## ##
     ##       #### ##     ## ######## ########  ##     ##  ######  ########

You're about to initialize a Firebase project in this directory:

  C:\Users\Administrador\Desktop\Fullstack\Fullstack_dev\front-end

[info] 
=== Project Setup
[info] 
[info] First, let's associate this project directory with a Firebase project.
[info] You can create multiple project aliases by running firebase use --add, 
[info] but for now we'll just set up a default project.
[info] 
[debug] [2024-01-17T20:39:08.660Z] >>> [apiv2][query] GET https://firebase.googleapis.com/v1beta1/projects pageSize=100
[debug] [2024-01-17T20:39:09.256Z] <<< [apiv2][status] GET https://firebase.googleapis.com/v1beta1/projects 200
[debug] [2024-01-17T20:39:09.257Z] <<< [apiv2][body] GET https://firebase.googleapis.com/v1beta1/projects [omitted]
[info] i  Using project frontendveterinaria (frontendveterinaria) 
[info] 
=== Hosting Setup
[debug] [2024-01-17T20:39:15.963Z] >>> [apiv2][query] GET https://firebase.googleapis.com/v1beta1/projects/frontendveterinaria [none]
[debug] [2024-01-17T20:39:16.332Z] <<< [apiv2][status] GET https://firebase.googleapis.com/v1beta1/projects/frontendveterinaria 200
[debug] [2024-01-17T20:39:16.333Z] <<< [apiv2][body] GET https://firebase.googleapis.com/v1beta1/projects/frontendveterinaria {"projectId":"frontendveterinaria","projectNumber":"499848592310","displayName":"frontendveterinaria","name":"projects/frontendveterinaria","resources":{"hostingSite":"frontendveterinaria"},"state":"ACTIVE","etag":"1_ebcb06b4-f502-44b7-8245-701eea36041f"}
[info] 
[info] Your public directory is the folder (relative to your project directory) that
[info] will contain Hosting assets to be uploaded with firebase deploy. If you
[info] have a build process for your assets, use your build's output directory.
[info] 
